<?xml version="1.0" encoding="UTF-8"?>
<coverage generated="1748448265245" clover="3.2.0">
  <project timestamp="1748448265246" name="All files">
    <metrics statements="26" coveredstatements="25" conditionals="10" coveredconditionals="8" methods="7" coveredmethods="7" elements="43" coveredelements="40" complexity="0" loc="26" ncloc="26" packages="1" files="2" classes="2"/>
    <file name="index.js" path="/mnt/c/Users/Sapoz/OneDrive/Documents/frontend-project-46/src/index.js">
      <metrics statements="19" coveredstatements="19" conditionals="6" coveredconditionals="6" methods="4" coveredmethods="4"/>
      <line num="6" count="4" type="stmt"/>
      <line num="8" count="1" type="stmt"/>
      <line num="9" count="2" type="stmt"/>
      <line num="11" count="2" type="stmt"/>
      <line num="12" count="10" type="cond" truecount="2" falsecount="0"/>
      <line num="13" count="4" type="stmt"/>
      <line num="15" count="6" type="cond" truecount="2" falsecount="0"/>
      <line num="16" count="2" type="stmt"/>
      <line num="18" count="4" type="cond" truecount="2" falsecount="0"/>
      <line num="19" count="2" type="stmt"/>
      <line num="24" count="2" type="stmt"/>
      <line num="29" count="2" type="stmt"/>
      <line num="30" count="2" type="stmt"/>
      <line num="32" count="2" type="stmt"/>
      <line num="33" count="2" type="stmt"/>
      <line num="35" count="2" type="stmt"/>
      <line num="36" count="2" type="stmt"/>
      <line num="38" count="2" type="stmt"/>
      <line num="39" count="2" type="stmt"/>
    </file>
    <file name="parsers.js" path="/mnt/c/Users/Sapoz/OneDrive/Documents/frontend-project-46/src/parsers.js">
      <metrics statements="7" coveredstatements="6" conditionals="4" coveredconditionals="2" methods="3" coveredmethods="3"/>
      <line num="4" count="2" type="stmt"/>
      <line num="5" count="2" type="stmt"/>
      <line num="8" count="4" type="stmt"/>
      <line num="10" count="4" type="cond" truecount="2" falsecount="2"/>
      <line num="12" count="2" type="stmt"/>
      <line num="15" count="2" type="stmt"/>
      <line num="17" count="0" type="stmt"/>
    </file>
  </project>
</coverage>
