{"/mnt/c/Users/Sapoz/OneDrive/Documents/frontend-project-46/src/index.js": {"path":"/mnt/c/Users/Sapoz/OneDrive/Documents/frontend-project-46/src/index.js","statementMap":{"0":{"start":{"line":6,"column":24},"end":{"line":6,"column":70}},"1":{"start":{"line":6,"column":38},"end":{"line":6,"column":70}},"2":{"start":{"line":8,"column":18},"end":{"line":26,"column":1}},"3":{"start":{"line":9,"column":15},"end":{"line":9,"column":62}},"4":{"start":{"line":11,"column":2},"end":{"line":25,"column":16}},"5":{"start":{"line":12,"column":4},"end":{"line":14,"column":5}},"6":{"start":{"line":13,"column":6},"end":{"line":13,"column":41}},"7":{"start":{"line":15,"column":4},"end":{"line":17,"column":5}},"8":{"start":{"line":16,"column":6},"end":{"line":16,"column":41}},"9":{"start":{"line":18,"column":4},"end":{"line":23,"column":5}},"10":{"start":{"line":19,"column":6},"end":{"line":22,"column":19}},"11":{"start":{"line":24,"column":4},"end":{"line":24,"column":39}},"12":{"start":{"line":29,"column":24},"end":{"line":29,"column":50}},"13":{"start":{"line":30,"column":24},"end":{"line":30,"column":50}},"14":{"start":{"line":32,"column":19},"end":{"line":32,"column":55}},"15":{"start":{"line":33,"column":19},"end":{"line":33,"column":55}},"16":{"start":{"line":35,"column":16},"end":{"line":35,"column":46}},"17":{"start":{"line":36,"column":16},"end":{"line":36,"column":46}},"18":{"start":{"line":38,"column":15},"end":{"line":38,"column":38}},"19":{"start":{"line":39,"column":2},"end":{"line":39,"column":25}}},"fnMap":{"0":{"name":"(anonymous_0)","decl":{"start":{"line":6,"column":24},"end":{"line":6,"column":25}},"loc":{"start":{"line":6,"column":38},"end":{"line":6,"column":70}},"line":6},"1":{"name":"(anonymous_1)","decl":{"start":{"line":8,"column":18},"end":{"line":8,"column":19}},"loc":{"start":{"line":8,"column":36},"end":{"line":26,"column":1}},"line":8},"2":{"name":"(anonymous_2)","decl":{"start":{"line":11,"column":18},"end":{"line":11,"column":19}},"loc":{"start":{"line":11,"column":27},"end":{"line":25,"column":3}},"line":11},"3":{"name":"genDiff","decl":{"start":{"line":28,"column":24},"end":{"line":28,"column":31}},"loc":{"start":{"line":28,"column":54},"end":{"line":40,"column":1}},"line":28}},"branchMap":{"0":{"loc":{"start":{"line":12,"column":4},"end":{"line":14,"column":5}},"type":"if","locations":[{"start":{"line":12,"column":4},"end":{"line":14,"column":5}},{"start":{},"end":{}}],"line":12},"1":{"loc":{"start":{"line":15,"column":4},"end":{"line":17,"column":5}},"type":"if","locations":[{"start":{"line":15,"column":4},"end":{"line":17,"column":5}},{"start":{},"end":{}}],"line":15},"2":{"loc":{"start":{"line":18,"column":4},"end":{"line":23,"column":5}},"type":"if","locations":[{"start":{"line":18,"column":4},"end":{"line":23,"column":5}},{"start":{},"end":{}}],"line":18}},"s":{"0":1,"1":4,"2":1,"3":2,"4":2,"5":10,"6":4,"7":6,"8":2,"9":4,"10":2,"11":2,"12":2,"13":2,"14":2,"15":2,"16":2,"17":2,"18":2,"19":2},"f":{"0":4,"1":2,"2":10,"3":2},"b":{"0":[4,6],"1":[2,4],"2":[2,2]},"_coverageSchema":"1a1c01bbd47fc00a2c39e90264f33305004495a9","hash":"ff3eaa8e779d83e720686211f0b4134d4eb6e29e"}
,"/mnt/c/Users/Sapoz/OneDrive/Documents/frontend-project-46/src/parsers.js": {"path":"/mnt/c/Users/Sapoz/OneDrive/Documents/frontend-project-46/src/parsers.js","statementMap":{"0":{"start":{"line":4,"column":18},"end":{"line":4,"column":50}},"1":{"start":{"line":4,"column":31},"end":{"line":4,"column":50}},"2":{"start":{"line":5,"column":18},"end":{"line":5,"column":49}},"3":{"start":{"line":5,"column":31},"end":{"line":5,"column":49}},"4":{"start":{"line":8,"column":20},"end":{"line":8,"column":51}},"5":{"start":{"line":10,"column":2},"end":{"line":18,"column":3}},"6":{"start":{"line":12,"column":6},"end":{"line":12,"column":32}},"7":{"start":{"line":15,"column":6},"end":{"line":15,"column":32}},"8":{"start":{"line":17,"column":6},"end":{"line":17,"column":58}}},"fnMap":{"0":{"name":"(anonymous_0)","decl":{"start":{"line":4,"column":18},"end":{"line":4,"column":19}},"loc":{"start":{"line":4,"column":31},"end":{"line":4,"column":50}},"line":4},"1":{"name":"(anonymous_1)","decl":{"start":{"line":5,"column":18},"end":{"line":5,"column":19}},"loc":{"start":{"line":5,"column":31},"end":{"line":5,"column":49}},"line":5},"2":{"name":"(anonymous_2)","decl":{"start":{"line":7,"column":15},"end":{"line":7,"column":16}},"loc":{"start":{"line":7,"column":38},"end":{"line":19,"column":1}},"line":7}},"branchMap":{"0":{"loc":{"start":{"line":10,"column":2},"end":{"line":18,"column":3}},"type":"switch","locations":[{"start":{"line":11,"column":4},"end":{"line":12,"column":32}},{"start":{"line":13,"column":4},"end":{"line":13,"column":17}},{"start":{"line":14,"column":4},"end":{"line":15,"column":32}},{"start":{"line":16,"column":4},"end":{"line":17,"column":58}}],"line":10}},"s":{"0":1,"1":2,"2":1,"3":2,"4":4,"5":4,"6":2,"7":2,"8":0},"f":{"0":2,"1":2,"2":4},"b":{"0":[2,0,2,0]},"_coverageSchema":"1a1c01bbd47fc00a2c39e90264f33305004495a9","hash":"54de765d89cf3dd179305743b917a6c6af5ef0e7"}
}
