TN:
SF:src/index.js
FN:6,(anonymous_0)
FN:8,(anonymous_1)
FN:11,(anonymous_2)
FN:28,genDiff
FNF:4
FNH:4
FNDA:4,(anonymous_0)
FNDA:2,(anonymous_1)
FNDA:10,(anonymous_2)
FNDA:2,genDiff
DA:6,4
DA:8,1
DA:9,2
DA:11,2
DA:12,10
DA:13,4
DA:15,6
DA:16,2
DA:18,4
DA:19,2
DA:24,2
DA:29,2
DA:30,2
DA:32,2
DA:33,2
DA:35,2
DA:36,2
DA:38,2
DA:39,2
LF:19
LH:19
BRDA:12,0,0,4
BRDA:12,0,1,6
BRDA:15,1,0,2
BRDA:15,1,1,4
BRDA:18,2,0,2
BRDA:18,2,1,2
BRF:6
BRH:6
end_of_record
TN:
SF:src/parsers.js
FN:4,(anonymous_0)
FN:5,(anonymous_1)
FN:7,(anonymous_2)
FNF:3
FNH:3
FNDA:2,(anonymous_0)
FNDA:2,(anonymous_1)
FNDA:4,(anonymous_2)
DA:4,2
DA:5,2
DA:8,4
DA:10,4
DA:12,2
DA:15,2
DA:17,0
LF:7
LH:6
BRDA:10,0,0,2
BRDA:10,0,1,0
BRDA:10,0,2,2
BRDA:10,0,3,0
BRF:4
BRH:2
end_of_record
